4.24.3-0+++UE4+Release-4.24 518 0
Disabling core dumps.
Failed to create secure directory (/run/user/6822/pulse): No such file or directory
ALSA lib confmisc.c:855:(parse_card) cannot find card '0'
ALSA lib conf.c:5178:(_snd_config_evaluate) function snd_func_card_inum returned error: No such file or directory
ALSA lib confmisc.c:422:(snd_func_concat) error evaluating strings
ALSA lib conf.c:5178:(_snd_config_evaluate) function snd_func_concat returned error: No such file or directory
ALSA lib confmisc.c:1334:(snd_func_refer) error evaluating name
ALSA lib conf.c:5178:(_snd_config_evaluate) function snd_func_refer returned error: No such file or directory
ALSA lib conf.c:5701:(snd_config_expand) Evaluate error: No such file or directory
ALSA lib pcm.c:2664:(snd_pcm_open_noupdate) Unknown PCM default
ALSA lib confmisc.c:855:(parse_card) cannot find card '0'
ALSA lib conf.c:5178:(_snd_config_evaluate) function snd_func_card_inum returned error: No such file or directory
ALSA lib confmisc.c:422:(snd_func_concat) error evaluating strings
ALSA lib conf.c:5178:(_snd_config_evaluate) function snd_func_concat returned error: No such file or directory
ALSA lib confmisc.c:1334:(snd_func_refer) error evaluating name
ALSA lib conf.c:5178:(_snd_config_evaluate) function snd_func_refer returned error: No such file or directory
ALSA lib conf.c:5701:(snd_config_expand) Evaluate error: No such file or directory
ALSA lib pcm.c:2664:(snd_pcm_open_noupdate) Unknown PCM default
ERROR: Invalid session: no stream available with id 2801860756 
Signal 11 caught.
Malloc Size=65538 LargeMemoryPoolOffset=65554 
CommonUnixCrashHandler: Signal=11
Malloc Size=65535 LargeMemoryPoolOffset=131119 
Malloc Size=123824 LargeMemoryPoolOffset=254960 
Engine crash handling finished; re-raising signal 11 for the default handler. Good bye.
./CarlaUE4.sh: line 5: 3967048 Segmentation fault      (core dumped) "$UE4_PROJECT_ROOT/CarlaUE4/Binaries/Linux/CarlaUE4-Linux-Shipping" CarlaUE4 $@
